2017-03-07 08:15:37,440  INFO [main] CommonUtility:92 - Logging initialized.
 2017-03-07 08:15:37,442  INFO [main] CommonUtility:74 - SetUp Data initialized: {ERROR_SCREENSHOT_FILE_EXTN=png, FIREFOX_DRIVER_CLASS=webdriver.gecko.driver, CHROME_DRIVER_CLASS=webdriver.chrome.driver, CONFIG_FILES_LOCATION=//Users//administrator//automation//ConfigFiles//, ERROR_SCREENSHOT_FILE_DATEFORMAT=yyyy-MMM-dd-HHmmss, GOFYND_PROD_USERNAME=8452858570, ERROR_SCREENSHOT_FILE_PATH=//Users//administrator//automation//SCREENSHOTS//, ERROR_SCREENSHOT_FILE_PREFIX=Screenshot, DRIVER=CHROME, GOFYND_PROD_PASSWORD=123456, FIREFOX_DRIVER_LOCATION=//Users//administrator//automation//Drivers_Selenium//geckodriver, CHROME_DRIVER_LOCATION=//Users//administrator//automation//Drivers_Selenium//chromedriver, LOG_FILE=//Users//administrator//automation//ConfigFiles//common//log4j.properties}
 2017-03-07 08:15:37,462  INFO [main] CommonUtility:195 - Success : Source data file  {SelectCategory=Y, RemoveItemFromcart=Y, OpenFyndHomePage=Y, SelectOtherFiters=Y, addTwoProductsInCartCheckOutFlow=Y, SelectCategoryFilter=Y, SelectPaymentMethod=Y} loaded
 2017-03-07 08:15:37,466  INFO [main] CommonUtility:195 - Success : Source data file  {SelectCategory=SelectCategory, RemoveItemFromcart=RemoveItemFromcart, OpenFyndHomePage=OpenFyndHomePage, SelectOtherFiters=SelectOtherFiters, addTwoProductsInCartCheckOutFlow=addTwoProductsInCartCheckOutFlow, SelectCategoryFilter=SelectCategoryFilter, SelectPaymentMethod=SelectPaymentMethod} loaded
 2017-03-07 08:15:37,503  INFO [main] CommonUtility:62 - Info : SetupConfig File is already loaded
 2017-03-07 08:15:37,503  INFO [main] CommonUtility:89 - Log path: //Users//administrator//automation//ConfigFiles//common//log4j.properties
 2017-03-07 08:15:37,504  INFO [main] CommonUtility:92 - Logging initialized.
 2017-03-07 08:15:37,505  INFO [main] CommonUtility:74 - SetUp Data initialized: {ERROR_SCREENSHOT_FILE_EXTN=png, FIREFOX_DRIVER_CLASS=webdriver.gecko.driver, CHROME_DRIVER_CLASS=webdriver.chrome.driver, CONFIG_FILES_LOCATION=//Users//administrator//automation//ConfigFiles//, ERROR_SCREENSHOT_FILE_DATEFORMAT=yyyy-MMM-dd-HHmmss, GOFYND_PROD_USERNAME=8452858570, ERROR_SCREENSHOT_FILE_PATH=//Users//administrator//automation//SCREENSHOTS//, ERROR_SCREENSHOT_FILE_PREFIX=Screenshot, DRIVER=CHROME, GOFYND_PROD_PASSWORD=123456, FIREFOX_DRIVER_LOCATION=//Users//administrator//automation//Drivers_Selenium//geckodriver, CHROME_DRIVER_LOCATION=//Users//administrator//automation//Drivers_Selenium//chromedriver, LOG_FILE=//Users//administrator//automation//ConfigFiles//common//log4j.properties}
 2017-03-07 08:15:37,506  INFO [main] CommonUtility:195 - Success : Source data file  {SelectCategory=Y, RemoveItemFromcart=Y, OpenFyndHomePage=Y, SelectOtherFiters=Y, addTwoProductsInCartCheckOutFlow=Y, SelectCategoryFilter=Y, SelectPaymentMethod=Y} loaded
 2017-03-07 08:15:37,506  INFO [main] CommonUtility:195 - Success : Source data file  {SelectCategory=SelectCategory, RemoveItemFromcart=RemoveItemFromcart, OpenFyndHomePage=OpenFyndHomePage, SelectOtherFiters=SelectOtherFiters, addTwoProductsInCartCheckOutFlow=addTwoProductsInCartCheckOutFlow, SelectCategoryFilter=SelectCategoryFilter, SelectPaymentMethod=SelectPaymentMethod} loaded
 2017-03-07 08:15:37,508  INFO [main] CommonUtility:62 - Info : SetupConfig File is already loaded
 2017-03-07 08:15:37,509  INFO [main] CommonUtility:89 - Log path: //Users//administrator//automation//ConfigFiles//common//log4j.properties
 2017-03-07 08:15:37,510  INFO [main] CommonUtility:92 - Logging initialized.
 2017-03-07 08:15:37,510  INFO [main] CommonUtility:74 - SetUp Data initialized: {ERROR_SCREENSHOT_FILE_EXTN=png, FIREFOX_DRIVER_CLASS=webdriver.gecko.driver, CHROME_DRIVER_CLASS=webdriver.chrome.driver, CONFIG_FILES_LOCATION=//Users//administrator//automation//ConfigFiles//, ERROR_SCREENSHOT_FILE_DATEFORMAT=yyyy-MMM-dd-HHmmss, GOFYND_PROD_USERNAME=8452858570, ERROR_SCREENSHOT_FILE_PATH=//Users//administrator//automation//SCREENSHOTS//, ERROR_SCREENSHOT_FILE_PREFIX=Screenshot, DRIVER=CHROME, GOFYND_PROD_PASSWORD=123456, FIREFOX_DRIVER_LOCATION=//Users//administrator//automation//Drivers_Selenium//geckodriver, CHROME_DRIVER_LOCATION=//Users//administrator//automation//Drivers_Selenium//chromedriver, LOG_FILE=//Users//administrator//automation//ConfigFiles//common//log4j.properties}
 2017-03-07 08:15:37,511  INFO [main] CommonUtility:195 - Success : Source data file  {SelectCategory=Y, RemoveItemFromcart=Y, OpenFyndHomePage=Y, SelectOtherFiters=Y, addTwoProductsInCartCheckOutFlow=Y, SelectCategoryFilter=Y, SelectPaymentMethod=Y} loaded
 2017-03-07 08:15:37,511  INFO [main] CommonUtility:195 - Success : Source data file  {SelectCategory=SelectCategory, RemoveItemFromcart=RemoveItemFromcart, OpenFyndHomePage=OpenFyndHomePage, SelectOtherFiters=SelectOtherFiters, addTwoProductsInCartCheckOutFlow=addTwoProductsInCartCheckOutFlow, SelectCategoryFilter=SelectCategoryFilter, SelectPaymentMethod=SelectPaymentMethod} loaded
 2017-03-07 08:15:37,513  INFO [main] CommonUtility:62 - Info : SetupConfig File is already loaded
 2017-03-07 08:15:37,514  INFO [main] CommonUtility:89 - Log path: //Users//administrator//automation//ConfigFiles//common//log4j.properties
 2017-03-07 08:15:37,515  INFO [main] CommonUtility:92 - Logging initialized.
 2017-03-07 08:15:37,515  INFO [main] CommonUtility:74 - SetUp Data initialized: {ERROR_SCREENSHOT_FILE_EXTN=png, FIREFOX_DRIVER_CLASS=webdriver.gecko.driver, CHROME_DRIVER_CLASS=webdriver.chrome.driver, CONFIG_FILES_LOCATION=//Users//administrator//automation//ConfigFiles//, ERROR_SCREENSHOT_FILE_DATEFORMAT=yyyy-MMM-dd-HHmmss, GOFYND_PROD_USERNAME=8452858570, ERROR_SCREENSHOT_FILE_PATH=//Users//administrator//automation//SCREENSHOTS//, ERROR_SCREENSHOT_FILE_PREFIX=Screenshot, DRIVER=CHROME, GOFYND_PROD_PASSWORD=123456, FIREFOX_DRIVER_LOCATION=//Users//administrator//automation//Drivers_Selenium//geckodriver, CHROME_DRIVER_LOCATION=//Users//administrator//automation//Drivers_Selenium//chromedriver, LOG_FILE=//Users//administrator//automation//ConfigFiles//common//log4j.properties}
 2017-03-07 08:15:37,516  INFO [main] CommonUtility:195 - Success : Source data file  {SelectCategory=Y, RemoveItemFromcart=Y, OpenFyndHomePage=Y, SelectOtherFiters=Y, addTwoProductsInCartCheckOutFlow=Y, SelectCategoryFilter=Y, SelectPaymentMethod=Y} loaded
 2017-03-07 08:15:37,516  INFO [main] CommonUtility:195 - Success : Source data file  {SelectCategory=SelectCategory, RemoveItemFromcart=RemoveItemFromcart, OpenFyndHomePage=OpenFyndHomePage, SelectOtherFiters=SelectOtherFiters, addTwoProductsInCartCheckOutFlow=addTwoProductsInCartCheckOutFlow, SelectCategoryFilter=SelectCategoryFilter, SelectPaymentMethod=SelectPaymentMethod} loaded
 2017-03-07 08:15:37,518  INFO [main] CommonUtility:62 - Info : SetupConfig File is already loaded
 2017-03-07 08:15:37,518  INFO [main] CommonUtility:89 - Log path: //Users//administrator//automation//ConfigFiles//common//log4j.properties
 2017-03-07 08:15:37,519  INFO [main] CommonUtility:92 - Logging initialized.
 2017-03-07 08:15:37,520  INFO [main] CommonUtility:74 - SetUp Data initialized: {ERROR_SCREENSHOT_FILE_EXTN=png, FIREFOX_DRIVER_CLASS=webdriver.gecko.driver, CHROME_DRIVER_CLASS=webdriver.chrome.driver, CONFIG_FILES_LOCATION=//Users//administrator//automation//ConfigFiles//, ERROR_SCREENSHOT_FILE_DATEFORMAT=yyyy-MMM-dd-HHmmss, GOFYND_PROD_USERNAME=8452858570, ERROR_SCREENSHOT_FILE_PATH=//Users//administrator//automation//SCREENSHOTS//, ERROR_SCREENSHOT_FILE_PREFIX=Screenshot, DRIVER=CHROME, GOFYND_PROD_PASSWORD=123456, FIREFOX_DRIVER_LOCATION=//Users//administrator//automation//Drivers_Selenium//geckodriver, CHROME_DRIVER_LOCATION=//Users//administrator//automation//Drivers_Selenium//chromedriver, LOG_FILE=//Users//administrator//automation//ConfigFiles//common//log4j.properties}
 2017-03-07 08:15:37,520  INFO [main] CommonUtility:195 - Success : Source data file  {SelectCategory=Y, RemoveItemFromcart=Y, OpenFyndHomePage=Y, SelectOtherFiters=Y, addTwoProductsInCartCheckOutFlow=Y, SelectCategoryFilter=Y, SelectPaymentMethod=Y} loaded
 2017-03-07 08:15:37,521  INFO [main] CommonUtility:195 - Success : Source data file  {SelectCategory=SelectCategory, RemoveItemFromcart=RemoveItemFromcart, OpenFyndHomePage=OpenFyndHomePage, SelectOtherFiters=SelectOtherFiters, addTwoProductsInCartCheckOutFlow=addTwoProductsInCartCheckOutFlow, SelectCategoryFilter=SelectCategoryFilter, SelectPaymentMethod=SelectPaymentMethod} loaded
 2017-03-07 08:15:37,522  INFO [main] CommonUtility:62 - Info : SetupConfig File is already loaded
 2017-03-07 08:15:37,523  INFO [main] CommonUtility:89 - Log path: //Users//administrator//automation//ConfigFiles//common//log4j.properties
 2017-03-07 08:15:37,524  INFO [main] CommonUtility:92 - Logging initialized.
 2017-03-07 08:15:37,524  INFO [main] CommonUtility:74 - SetUp Data initialized: {ERROR_SCREENSHOT_FILE_EXTN=png, FIREFOX_DRIVER_CLASS=webdriver.gecko.driver, CHROME_DRIVER_CLASS=webdriver.chrome.driver, CONFIG_FILES_LOCATION=//Users//administrator//automation//ConfigFiles//, ERROR_SCREENSHOT_FILE_DATEFORMAT=yyyy-MMM-dd-HHmmss, GOFYND_PROD_USERNAME=8452858570, ERROR_SCREENSHOT_FILE_PATH=//Users//administrator//automation//SCREENSHOTS//, ERROR_SCREENSHOT_FILE_PREFIX=Screenshot, DRIVER=CHROME, GOFYND_PROD_PASSWORD=123456, FIREFOX_DRIVER_LOCATION=//Users//administrator//automation//Drivers_Selenium//geckodriver, CHROME_DRIVER_LOCATION=//Users//administrator//automation//Drivers_Selenium//chromedriver, LOG_FILE=//Users//administrator//automation//ConfigFiles//common//log4j.properties}
 2017-03-07 08:15:37,525  INFO [main] CommonUtility:195 - Success : Source data file  {SelectCategory=Y, RemoveItemFromcart=Y, OpenFyndHomePage=Y, SelectOtherFiters=Y, addTwoProductsInCartCheckOutFlow=Y, SelectCategoryFilter=Y, SelectPaymentMethod=Y} loaded
 2017-03-07 08:15:37,525  INFO [main] CommonUtility:195 - Success : Source data file  {SelectCategory=SelectCategory, RemoveItemFromcart=RemoveItemFromcart, OpenFyndHomePage=OpenFyndHomePage, SelectOtherFiters=SelectOtherFiters, addTwoProductsInCartCheckOutFlow=addTwoProductsInCartCheckOutFlow, SelectCategoryFilter=SelectCategoryFilter, SelectPaymentMethod=SelectPaymentMethod} loaded
 2017-03-07 08:15:37,528  INFO [main] CommonUtility:62 - Info : SetupConfig File is already loaded
 2017-03-07 08:15:37,528  INFO [main] CommonUtility:89 - Log path: //Users//administrator//automation//ConfigFiles//common//log4j.properties
 2017-03-07 08:15:37,530  INFO [main] CommonUtility:92 - Logging initialized.
 2017-03-07 08:15:37,530  INFO [main] CommonUtility:74 - SetUp Data initialized: {ERROR_SCREENSHOT_FILE_EXTN=png, FIREFOX_DRIVER_CLASS=webdriver.gecko.driver, CHROME_DRIVER_CLASS=webdriver.chrome.driver, CONFIG_FILES_LOCATION=//Users//administrator//automation//ConfigFiles//, ERROR_SCREENSHOT_FILE_DATEFORMAT=yyyy-MMM-dd-HHmmss, GOFYND_PROD_USERNAME=8452858570, ERROR_SCREENSHOT_FILE_PATH=//Users//administrator//automation//SCREENSHOTS//, ERROR_SCREENSHOT_FILE_PREFIX=Screenshot, DRIVER=CHROME, GOFYND_PROD_PASSWORD=123456, FIREFOX_DRIVER_LOCATION=//Users//administrator//automation//Drivers_Selenium//geckodriver, CHROME_DRIVER_LOCATION=//Users//administrator//automation//Drivers_Selenium//chromedriver, LOG_FILE=//Users//administrator//automation//ConfigFiles//common//log4j.properties}
 2017-03-07 08:15:37,531  INFO [main] CommonUtility:195 - Success : Source data file  {SelectCategory=Y, RemoveItemFromcart=Y, OpenFyndHomePage=Y, SelectOtherFiters=Y, addTwoProductsInCartCheckOutFlow=Y, SelectCategoryFilter=Y, SelectPaymentMethod=Y} loaded
 2017-03-07 08:15:37,531  INFO [main] CommonUtility:195 - Success : Source data file  {SelectCategory=SelectCategory, RemoveItemFromcart=RemoveItemFromcart, OpenFyndHomePage=OpenFyndHomePage, SelectOtherFiters=SelectOtherFiters, addTwoProductsInCartCheckOutFlow=addTwoProductsInCartCheckOutFlow, SelectCategoryFilter=SelectCategoryFilter, SelectPaymentMethod=SelectPaymentMethod} loaded
 2017-03-07 08:15:37,616  INFO [main] CommonUtility:62 - Info : SetupConfig File is already loaded
 2017-03-07 08:15:37,617  INFO [main] CommonUtility:89 - Log path: //Users//administrator//automation//ConfigFiles//common//log4j.properties
 2017-03-07 08:15:37,618  INFO [main] CommonUtility:92 - Logging initialized.
 2017-03-07 08:15:37,618  INFO [main] CommonUtility:74 - SetUp Data initialized: {ERROR_SCREENSHOT_FILE_EXTN=png, FIREFOX_DRIVER_CLASS=webdriver.gecko.driver, CHROME_DRIVER_CLASS=webdriver.chrome.driver, CONFIG_FILES_LOCATION=//Users//administrator//automation//ConfigFiles//, ERROR_SCREENSHOT_FILE_DATEFORMAT=yyyy-MMM-dd-HHmmss, GOFYND_PROD_USERNAME=8452858570, ERROR_SCREENSHOT_FILE_PATH=//Users//administrator//automation//SCREENSHOTS//, ERROR_SCREENSHOT_FILE_PREFIX=Screenshot, DRIVER=CHROME, GOFYND_PROD_PASSWORD=123456, FIREFOX_DRIVER_LOCATION=//Users//administrator//automation//Drivers_Selenium//geckodriver, CHROME_DRIVER_LOCATION=//Users//administrator//automation//Drivers_Selenium//chromedriver, LOG_FILE=//Users//administrator//automation//ConfigFiles//common//log4j.properties}
 2017-03-07 08:15:37,619  INFO [main] CommonUtility:62 - Info : SetupConfig File is already loaded
 2017-03-07 08:15:37,619  INFO [main] CommonUtility:89 - Log path: //Users//administrator//automation//ConfigFiles//common//log4j.properties
 2017-03-07 08:15:37,620  INFO [main] CommonUtility:92 - Logging initialized.
 2017-03-07 08:15:37,621  INFO [main] CommonUtility:74 - SetUp Data initialized: {ERROR_SCREENSHOT_FILE_EXTN=png, FIREFOX_DRIVER_CLASS=webdriver.gecko.driver, CHROME_DRIVER_CLASS=webdriver.chrome.driver, CONFIG_FILES_LOCATION=//Users//administrator//automation//ConfigFiles//, ERROR_SCREENSHOT_FILE_DATEFORMAT=yyyy-MMM-dd-HHmmss, GOFYND_PROD_USERNAME=8452858570, ERROR_SCREENSHOT_FILE_PATH=//Users//administrator//automation//SCREENSHOTS//, ERROR_SCREENSHOT_FILE_PREFIX=Screenshot, DRIVER=CHROME, GOFYND_PROD_PASSWORD=123456, FIREFOX_DRIVER_LOCATION=//Users//administrator//automation//Drivers_Selenium//geckodriver, CHROME_DRIVER_LOCATION=//Users//administrator//automation//Drivers_Selenium//chromedriver, LOG_FILE=//Users//administrator//automation//ConfigFiles//common//log4j.properties}
 2017-03-07 08:15:37,621  INFO [main] CommonUtility:108 - DRIVER NAME: CHROME
 2017-03-07 08:15:37,622  INFO [main] CommonUtility:115 - DRIVER_CLASS : webdriver.chrome.driver
 2017-03-07 08:15:37,622  INFO [main] CommonUtility:116 - DRIVER_LOC: //Users//administrator//automation//Drivers_Selenium//chromedriver
 2017-03-07 08:15:40,928  INFO [main] CommonUtility:156 - Success : Driver Initialized Successfully
 2017-03-07 08:15:40,951  INFO [main] CommonUtility:195 - Success : Source data file  {xpath_bagitmes=//*[@class='bag-items']/h1, xpath_loginpassword=//*[@class='form-area']/input[2], xpath_removeitem=//*[@class='delete-prod']/span, classname_checkoutLoginElement=checkout-flow, xpath_selectPriceFilterElement=//*[@class='filter-name light-xxs' and contains(text(),'Rs')], xpath_selectProductElement=//*[@class='light-xs cl-LightGrey product-name-text'], xpath_loginsubmitbtn=//*[@class='fy-btn submit login-btn'], xpath_loginusername=//*[@class='form-area']/input[1], xpath_sizeFilterElement=//*[@class='light-sm cl-DavyGrey size'], classname_buyNowElement=checkout-btn-opt, xpath_paymentmethod=//*[@class='ch-list-item'], xpath_priceFilterElement=.//*[@class='filter-group inactive']/li/a/span, xpath_loginwithpassword=//*[@class='regular-sm cl-DarkGrey sign-in-link']} loaded
 2017-03-07 08:15:48,078  INFO [main] CommonUtility:168 - Success : Page 'https://www.gofynd.com/' loaded successfully
 2017-03-07 08:15:50,450  INFO [main] Gofynd_Sanity_Scenarios:53 - Category is Selected: Women
 2017-03-07 08:15:50,758  INFO [main] Gofynd_Sanity_Scenarios:330 - Success : Static Source data 'xpath_priceFilterElement' -->.//*[@class='filter-group inactive']/li/a/span
 2017-03-07 08:15:51,487  INFO [main] Gofynd_Sanity_Scenarios:330 - Success : Static Source data 'xpath_selectPriceFilterElement' -->//*[@class='filter-name light-xxs' and contains(text(),'Rs')]
 2017-03-07 08:15:56,344  INFO [main] Gofynd_Sanity_Scenarios:83 - clicked the Filter: PRICE
 2017-03-07 08:16:28,935  INFO [main] Gofynd_Sanity_Scenarios:330 - Success : Static Source data 'xpath_removeitem' -->//*[@class='delete-prod']/span
 2017-03-07 08:16:58,978  INFO [main] Gofynd_Sanity_Scenarios:330 - Success : Static Source data 'xpath_removeitem' -->//*[@class='delete-prod']/span
 2017-03-07 08:17:29,132  INFO [main] CommonUtility:214 - Info : Browser Driver closed successfully 
 2017-03-07 08:20:49,632  INFO [main] CommonUtility:92 - Logging initialized.
 2017-03-07 08:20:49,634  INFO [main] CommonUtility:74 - SetUp Data initialized: {ERROR_SCREENSHOT_FILE_EXTN=png, FIREFOX_DRIVER_CLASS=webdriver.gecko.driver, CHROME_DRIVER_CLASS=webdriver.chrome.driver, CONFIG_FILES_LOCATION=//Users//administrator//automation//ConfigFiles//, ERROR_SCREENSHOT_FILE_DATEFORMAT=yyyy-MMM-dd-HHmmss, GOFYND_PROD_USERNAME=8452858570, ERROR_SCREENSHOT_FILE_PATH=//Users//administrator//automation//SCREENSHOTS//, ERROR_SCREENSHOT_FILE_PREFIX=Screenshot, DRIVER=CHROME, GOFYND_PROD_PASSWORD=123456, FIREFOX_DRIVER_LOCATION=//Users//administrator//automation//Drivers_Selenium//geckodriver, CHROME_DRIVER_LOCATION=//Users//administrator//automation//Drivers_Selenium//chromedriver, LOG_FILE=//Users//administrator//automation//ConfigFiles//common//log4j.properties}
 2017-03-07 08:20:49,635  INFO [main] CommonUtility:62 - Info : SetupConfig File is already loaded
 2017-03-07 08:20:49,635  INFO [main] CommonUtility:89 - Log path: //Users//administrator//automation//ConfigFiles//common//log4j.properties
 2017-03-07 08:20:49,636  INFO [main] CommonUtility:92 - Logging initialized.
 2017-03-07 08:20:49,637  INFO [main] CommonUtility:74 - SetUp Data initialized: {ERROR_SCREENSHOT_FILE_EXTN=png, FIREFOX_DRIVER_CLASS=webdriver.gecko.driver, CHROME_DRIVER_CLASS=webdriver.chrome.driver, CONFIG_FILES_LOCATION=//Users//administrator//automation//ConfigFiles//, ERROR_SCREENSHOT_FILE_DATEFORMAT=yyyy-MMM-dd-HHmmss, GOFYND_PROD_USERNAME=8452858570, ERROR_SCREENSHOT_FILE_PATH=//Users//administrator//automation//SCREENSHOTS//, ERROR_SCREENSHOT_FILE_PREFIX=Screenshot, DRIVER=CHROME, GOFYND_PROD_PASSWORD=123456, FIREFOX_DRIVER_LOCATION=//Users//administrator//automation//Drivers_Selenium//geckodriver, CHROME_DRIVER_LOCATION=//Users//administrator//automation//Drivers_Selenium//chromedriver, LOG_FILE=//Users//administrator//automation//ConfigFiles//common//log4j.properties}
 2017-03-07 08:20:49,637  INFO [main] CommonUtility:108 - DRIVER NAME: CHROME
 2017-03-07 08:20:49,638  INFO [main] CommonUtility:115 - DRIVER_CLASS : webdriver.chrome.driver
 2017-03-07 08:20:49,638  INFO [main] CommonUtility:116 - DRIVER_LOC: //Users//administrator//automation//Drivers_Selenium//chromedriver
 2017-03-07 08:20:51,948  INFO [main] CommonUtility:156 - Success : Driver Initialized Successfully
 2017-03-07 08:20:51,949  INFO [main] CommonUtility:195 - Success : Source data file  {xpath_bagitmes=//*[@class='bag-items']/h1, xpath_loginpassword=//*[@class='form-area']/input[2], xpath_removeitem=//*[@class='delete-prod']/span, classname_checkoutLoginElement=checkout-flow, xpath_selectPriceFilterElement=//*[@class='filter-name light-xxs' and contains(text(),'Rs')], xpath_selectProductElement=//*[@class='light-xs cl-LightGrey product-name-text'], xpath_loginsubmitbtn=//*[@class='fy-btn submit login-btn'], xpath_loginusername=//*[@class='form-area']/input[1], xpath_sizeFilterElement=//*[@class='light-sm cl-DavyGrey size'], classname_buyNowElement=checkout-btn-opt, xpath_paymentmethod=//*[@class='ch-list-item'], xpath_priceFilterElement=.//*[@class='filter-group inactive']/li/a/span, xpath_loginwithpassword=//*[@class='regular-sm cl-DarkGrey sign-in-link']} loaded
 2017-03-07 08:21:27,884  INFO [main] CommonUtility:168 - Success : Page 'https://www.gofynd.com/' loaded successfully
 2017-03-07 08:21:30,448  INFO [main] Gofynd_Sanity_Scenarios:53 - Category is Selected: Women
 2017-03-07 08:21:30,809  INFO [main] Gofynd_Sanity_Scenarios:330 - Success : Static Source data 'xpath_priceFilterElement' -->.//*[@class='filter-group inactive']/li/a/span
 2017-03-07 08:21:31,154  INFO [main] Gofynd_Sanity_Scenarios:330 - Success : Static Source data 'xpath_selectPriceFilterElement' -->//*[@class='filter-name light-xxs' and contains(text(),'Rs')]
 2017-03-07 08:21:35,728  INFO [main] Gofynd_Sanity_Scenarios:83 - clicked the Filter: PRICE
 2017-03-07 08:21:37,735  INFO [main] Gofynd_Sanity_Scenarios:330 - Success : Static Source data 'xpath_selectProductElement' -->//*[@class='light-xs cl-LightGrey product-name-text']
 2017-03-07 08:21:37,950  INFO [main] Gofynd_Sanity_Scenarios:330 - Success : Static Source data 'xpath_sizeFilterElement' -->//*[@class='light-sm cl-DavyGrey size']
 2017-03-07 08:21:40,201  INFO [main] Gofynd_Sanity_Scenarios:330 - Success : Static Source data 'classname_buyNowElement' -->checkout-btn-opt
 2017-03-07 08:21:46,608  INFO [main] Gofynd_Sanity_Scenarios:330 - Success : Static Source data 'xpath_selectProductElement' -->//*[@class='light-xs cl-LightGrey product-name-text']
 2017-03-07 08:21:48,579  INFO [main] Gofynd_Sanity_Scenarios:330 - Success : Static Source data 'xpath_sizeFilterElement' -->//*[@class='light-sm cl-DavyGrey size']
 2017-03-07 08:21:49,356  INFO [main] Gofynd_Sanity_Scenarios:330 - Success : Static Source data 'classname_buyNowElement' -->checkout-btn-opt
 2017-03-07 08:21:51,448  INFO [main] Gofynd_Sanity_Scenarios:330 - Success : Static Source data 'classname_buyNowElement' -->checkout-btn-opt
 2017-03-07 08:21:54,540  INFO [main] Gofynd_Sanity_Scenarios:330 - Success : Static Source data 'classname_checkoutLoginElement' -->checkout-flow
 2017-03-07 08:21:54,683  INFO [main] Gofynd_Sanity_Scenarios:330 - Success : Static Source data 'xpath_loginwithpassword' -->//*[@class='regular-sm cl-DarkGrey sign-in-link']
 2017-03-07 08:21:56,826  INFO [main] Gofynd_Sanity_Scenarios:330 - Success : Static Source data 'xpath_loginusername' -->//*[@class='form-area']/input[1]
 2017-03-07 08:22:02,243  INFO [main] Gofynd_Sanity_Scenarios:330 - Success : Static Source data 'xpath_loginpassword' -->//*[@class='form-area']/input[2]
 2017-03-07 08:22:02,318  INFO [main] Gofynd_Sanity_Scenarios:330 - Success : Static Source data 'xpath_loginsubmitbtn' -->//*[@class='fy-btn submit login-btn']
 2017-03-07 08:22:04,417  INFO [main] Gofynd_Sanity_Scenarios:330 - Success : Static Source data 'xpath_bagitmes' -->//*[@class='bag-items']/h1
 2017-03-07 08:22:11,144  INFO [main] Gofynd_Sanity_Scenarios:286 - Product no1
 2017-03-07 08:22:11,164  INFO [main] Gofynd_Sanity_Scenarios:286 - Product no2
 2017-03-07 08:22:11,186  INFO [main] Gofynd_Sanity_Scenarios:286 - Product no3Orange Wallet
 2017-03-07 08:22:11,208  INFO [main] Gofynd_Sanity_Scenarios:286 - Product no4Lavender Wallet
 2017-03-07 08:22:13,482  INFO [main] Gofynd_Sanity_Scenarios:330 - Success : Static Source data 'xpath_paymentmethod' -->//*[@class='ch-list-item']
 2017-03-07 08:22:13,685  INFO [main] Gofynd_Sanity_Scenarios:270 - selected the payment:Paytm
 2017-03-07 08:22:13,692  INFO [main] Gofynd_Sanity_Scenarios:330 - Success : Static Source data 'xpath_removeitem' -->//*[@class='delete-prod']/span
 2017-03-07 08:22:13,745  INFO [main] Gofynd_Sanity_Scenarios:304 - Removed the item from the cart
 2017-03-07 08:22:15,775  INFO [main] Gofynd_Sanity_Scenarios:304 - Removed the item from the cart
 2017-03-07 08:22:17,851  INFO [main] Gofynd_Sanity_Scenarios:304 - Removed the item from the cart
 2017-03-07 08:22:19,868  INFO [main] Gofynd_Sanity_Scenarios:330 - Success : Static Source data 'xpath_removeitem' -->//*[@class='delete-prod']/span
 2017-03-07 08:22:19,895  INFO [main] Gofynd_Sanity_Scenarios:304 - Removed the item from the cart
 2017-03-07 08:22:21,919  INFO [main] Gofynd_Sanity_Scenarios:304 - Removed the item from the cart
 2017-03-07 08:22:24,009  INFO [main] CommonUtility:214 - Info : Browser Driver closed successfully 
 2017-03-07 08:22:56,068  INFO [main] CommonUtility:92 - Logging initialized.
 2017-03-07 08:22:56,070  INFO [main] CommonUtility:74 - SetUp Data initialized: {ERROR_SCREENSHOT_FILE_EXTN=png, FIREFOX_DRIVER_CLASS=webdriver.gecko.driver, CHROME_DRIVER_CLASS=webdriver.chrome.driver, CONFIG_FILES_LOCATION=//Users//administrator//automation//ConfigFiles//, ERROR_SCREENSHOT_FILE_DATEFORMAT=yyyy-MMM-dd-HHmmss, GOFYND_PROD_USERNAME=8452858570, ERROR_SCREENSHOT_FILE_PATH=//Users//administrator//automation//SCREENSHOTS//, ERROR_SCREENSHOT_FILE_PREFIX=Screenshot, DRIVER=CHROME, GOFYND_PROD_PASSWORD=123456, FIREFOX_DRIVER_LOCATION=//Users//administrator//automation//Drivers_Selenium//geckodriver, CHROME_DRIVER_LOCATION=//Users//administrator//automation//Drivers_Selenium//chromedriver, LOG_FILE=//Users//administrator//automation//ConfigFiles//common//log4j.properties}
 2017-03-07 08:22:56,071  INFO [main] CommonUtility:195 - Success : Source data file  {SelectCategory=Y, RemoveItemFromcart=Y, OpenFyndHomePage=Y, SelectOtherFiters=Y, addTwoProductsInCartCheckOutFlow=Y, SelectCategoryFilter=Y, SelectPaymentMethod=Y} loaded
 2017-03-07 08:22:56,071  INFO [main] CommonUtility:195 - Success : Source data file  {SelectCategory=SelectCategory, RemoveItemFromcart=RemoveItemFromcart, OpenFyndHomePage=OpenFyndHomePage, SelectOtherFiters=SelectOtherFiters, addTwoProductsInCartCheckOutFlow=addTwoProductsInCartCheckOutFlow, SelectCategoryFilter=SelectCategoryFilter, SelectPaymentMethod=SelectPaymentMethod} loaded
 2017-03-07 08:22:56,092  INFO [main] CommonUtility:62 - Info : SetupConfig File is already loaded
 2017-03-07 08:22:56,092  INFO [main] CommonUtility:89 - Log path: //Users//administrator//automation//ConfigFiles//common//log4j.properties
 2017-03-07 08:22:56,094  INFO [main] CommonUtility:92 - Logging initialized.
 2017-03-07 08:22:56,094  INFO [main] CommonUtility:74 - SetUp Data initialized: {ERROR_SCREENSHOT_FILE_EXTN=png, FIREFOX_DRIVER_CLASS=webdriver.gecko.driver, CHROME_DRIVER_CLASS=webdriver.chrome.driver, CONFIG_FILES_LOCATION=//Users//administrator//automation//ConfigFiles//, ERROR_SCREENSHOT_FILE_DATEFORMAT=yyyy-MMM-dd-HHmmss, GOFYND_PROD_USERNAME=8452858570, ERROR_SCREENSHOT_FILE_PATH=//Users//administrator//automation//SCREENSHOTS//, ERROR_SCREENSHOT_FILE_PREFIX=Screenshot, DRIVER=CHROME, GOFYND_PROD_PASSWORD=123456, FIREFOX_DRIVER_LOCATION=//Users//administrator//automation//Drivers_Selenium//geckodriver, CHROME_DRIVER_LOCATION=//Users//administrator//automation//Drivers_Selenium//chromedriver, LOG_FILE=//Users//administrator//automation//ConfigFiles//common//log4j.properties}
 2017-03-07 08:22:56,095  INFO [main] CommonUtility:195 - Success : Source data file  {SelectCategory=Y, RemoveItemFromcart=Y, OpenFyndHomePage=Y, SelectOtherFiters=Y, addTwoProductsInCartCheckOutFlow=Y, SelectCategoryFilter=Y, SelectPaymentMethod=Y} loaded
 2017-03-07 08:22:56,095  INFO [main] CommonUtility:195 - Success : Source data file  {SelectCategory=SelectCategory, RemoveItemFromcart=RemoveItemFromcart, OpenFyndHomePage=OpenFyndHomePage, SelectOtherFiters=SelectOtherFiters, addTwoProductsInCartCheckOutFlow=addTwoProductsInCartCheckOutFlow, SelectCategoryFilter=SelectCategoryFilter, SelectPaymentMethod=SelectPaymentMethod} loaded
 2017-03-07 08:22:56,097  INFO [main] CommonUtility:62 - Info : SetupConfig File is already loaded
 2017-03-07 08:22:56,097  INFO [main] CommonUtility:89 - Log path: //Users//administrator//automation//ConfigFiles//common//log4j.properties
 2017-03-07 08:22:56,098  INFO [main] CommonUtility:92 - Logging initialized.
 2017-03-07 08:22:56,098  INFO [main] CommonUtility:74 - SetUp Data initialized: {ERROR_SCREENSHOT_FILE_EXTN=png, FIREFOX_DRIVER_CLASS=webdriver.gecko.driver, CHROME_DRIVER_CLASS=webdriver.chrome.driver, CONFIG_FILES_LOCATION=//Users//administrator//automation//ConfigFiles//, ERROR_SCREENSHOT_FILE_DATEFORMAT=yyyy-MMM-dd-HHmmss, GOFYND_PROD_USERNAME=8452858570, ERROR_SCREENSHOT_FILE_PATH=//Users//administrator//automation//SCREENSHOTS//, ERROR_SCREENSHOT_FILE_PREFIX=Screenshot, DRIVER=CHROME, GOFYND_PROD_PASSWORD=123456, FIREFOX_DRIVER_LOCATION=//Users//administrator//automation//Drivers_Selenium//geckodriver, CHROME_DRIVER_LOCATION=//Users//administrator//automation//Drivers_Selenium//chromedriver, LOG_FILE=//Users//administrator//automation//ConfigFiles//common//log4j.properties}
 2017-03-07 08:22:56,099  INFO [main] CommonUtility:195 - Success : Source data file  {SelectCategory=Y, RemoveItemFromcart=Y, OpenFyndHomePage=Y, SelectOtherFiters=Y, addTwoProductsInCartCheckOutFlow=Y, SelectCategoryFilter=Y, SelectPaymentMethod=Y} loaded
 2017-03-07 08:22:56,099  INFO [main] CommonUtility:195 - Success : Source data file  {SelectCategory=SelectCategory, RemoveItemFromcart=RemoveItemFromcart, OpenFyndHomePage=OpenFyndHomePage, SelectOtherFiters=SelectOtherFiters, addTwoProductsInCartCheckOutFlow=addTwoProductsInCartCheckOutFlow, SelectCategoryFilter=SelectCategoryFilter, SelectPaymentMethod=SelectPaymentMethod} loaded
 2017-03-07 08:22:56,101  INFO [main] CommonUtility:62 - Info : SetupConfig File is already loaded
 2017-03-07 08:22:56,101  INFO [main] CommonUtility:89 - Log path: //Users//administrator//automation//ConfigFiles//common//log4j.properties
 2017-03-07 08:22:56,102  INFO [main] CommonUtility:92 - Logging initialized.
 2017-03-07 08:22:56,103  INFO [main] CommonUtility:74 - SetUp Data initialized: {ERROR_SCREENSHOT_FILE_EXTN=png, FIREFOX_DRIVER_CLASS=webdriver.gecko.driver, CHROME_DRIVER_CLASS=webdriver.chrome.driver, CONFIG_FILES_LOCATION=//Users//administrator//automation//ConfigFiles//, ERROR_SCREENSHOT_FILE_DATEFORMAT=yyyy-MMM-dd-HHmmss, GOFYND_PROD_USERNAME=8452858570, ERROR_SCREENSHOT_FILE_PATH=//Users//administrator//automation//SCREENSHOTS//, ERROR_SCREENSHOT_FILE_PREFIX=Screenshot, DRIVER=CHROME, GOFYND_PROD_PASSWORD=123456, FIREFOX_DRIVER_LOCATION=//Users//administrator//automation//Drivers_Selenium//geckodriver, CHROME_DRIVER_LOCATION=//Users//administrator//automation//Drivers_Selenium//chromedriver, LOG_FILE=//Users//administrator//automation//ConfigFiles//common//log4j.properties}
 2017-03-07 08:22:56,103  INFO [main] CommonUtility:195 - Success : Source data file  {SelectCategory=Y, RemoveItemFromcart=Y, OpenFyndHomePage=Y, SelectOtherFiters=Y, addTwoProductsInCartCheckOutFlow=Y, SelectCategoryFilter=Y, SelectPaymentMethod=Y} loaded
 2017-03-07 08:22:56,104  INFO [main] CommonUtility:195 - Success : Source data file  {SelectCategory=SelectCategory, RemoveItemFromcart=RemoveItemFromcart, OpenFyndHomePage=OpenFyndHomePage, SelectOtherFiters=SelectOtherFiters, addTwoProductsInCartCheckOutFlow=addTwoProductsInCartCheckOutFlow, SelectCategoryFilter=SelectCategoryFilter, SelectPaymentMethod=SelectPaymentMethod} loaded
 2017-03-07 08:22:56,105  INFO [main] CommonUtility:62 - Info : SetupConfig File is already loaded
 2017-03-07 08:22:56,106  INFO [main] CommonUtility:89 - Log path: //Users//administrator//automation//ConfigFiles//common//log4j.properties
 2017-03-07 08:22:56,107  INFO [main] CommonUtility:92 - Logging initialized.
 2017-03-07 08:22:56,108  INFO [main] CommonUtility:74 - SetUp Data initialized: {ERROR_SCREENSHOT_FILE_EXTN=png, FIREFOX_DRIVER_CLASS=webdriver.gecko.driver, CHROME_DRIVER_CLASS=webdriver.chrome.driver, CONFIG_FILES_LOCATION=//Users//administrator//automation//ConfigFiles//, ERROR_SCREENSHOT_FILE_DATEFORMAT=yyyy-MMM-dd-HHmmss, GOFYND_PROD_USERNAME=8452858570, ERROR_SCREENSHOT_FILE_PATH=//Users//administrator//automation//SCREENSHOTS//, ERROR_SCREENSHOT_FILE_PREFIX=Screenshot, DRIVER=CHROME, GOFYND_PROD_PASSWORD=123456, FIREFOX_DRIVER_LOCATION=//Users//administrator//automation//Drivers_Selenium//geckodriver, CHROME_DRIVER_LOCATION=//Users//administrator//automation//Drivers_Selenium//chromedriver, LOG_FILE=//Users//administrator//automation//ConfigFiles//common//log4j.properties}
 2017-03-07 08:22:56,108  INFO [main] CommonUtility:195 - Success : Source data file  {SelectCategory=Y, RemoveItemFromcart=Y, OpenFyndHomePage=Y, SelectOtherFiters=Y, addTwoProductsInCartCheckOutFlow=Y, SelectCategoryFilter=Y, SelectPaymentMethod=Y} loaded
 2017-03-07 08:22:56,109  INFO [main] CommonUtility:195 - Success : Source data file  {SelectCategory=SelectCategory, RemoveItemFromcart=RemoveItemFromcart, OpenFyndHomePage=OpenFyndHomePage, SelectOtherFiters=SelectOtherFiters, addTwoProductsInCartCheckOutFlow=addTwoProductsInCartCheckOutFlow, SelectCategoryFilter=SelectCategoryFilter, SelectPaymentMethod=SelectPaymentMethod} loaded
 2017-03-07 08:22:56,111  INFO [main] CommonUtility:62 - Info : SetupConfig File is already loaded
 2017-03-07 08:22:56,111  INFO [main] CommonUtility:89 - Log path: //Users//administrator//automation//ConfigFiles//common//log4j.properties
 2017-03-07 08:22:56,112  INFO [main] CommonUtility:92 - Logging initialized.
 2017-03-07 08:22:56,113  INFO [main] CommonUtility:74 - SetUp Data initialized: {ERROR_SCREENSHOT_FILE_EXTN=png, FIREFOX_DRIVER_CLASS=webdriver.gecko.driver, CHROME_DRIVER_CLASS=webdriver.chrome.driver, CONFIG_FILES_LOCATION=//Users//administrator//automation//ConfigFiles//, ERROR_SCREENSHOT_FILE_DATEFORMAT=yyyy-MMM-dd-HHmmss, GOFYND_PROD_USERNAME=8452858570, ERROR_SCREENSHOT_FILE_PATH=//Users//administrator//automation//SCREENSHOTS//, ERROR_SCREENSHOT_FILE_PREFIX=Screenshot, DRIVER=CHROME, GOFYND_PROD_PASSWORD=123456, FIREFOX_DRIVER_LOCATION=//Users//administrator//automation//Drivers_Selenium//geckodriver, CHROME_DRIVER_LOCATION=//Users//administrator//automation//Drivers_Selenium//chromedriver, LOG_FILE=//Users//administrator//automation//ConfigFiles//common//log4j.properties}
 2017-03-07 08:22:56,113  INFO [main] CommonUtility:195 - Success : Source data file  {SelectCategory=Y, RemoveItemFromcart=Y, OpenFyndHomePage=Y, SelectOtherFiters=Y, addTwoProductsInCartCheckOutFlow=Y, SelectCategoryFilter=Y, SelectPaymentMethod=Y} loaded
 2017-03-07 08:22:56,114  INFO [main] CommonUtility:195 - Success : Source data file  {SelectCategory=SelectCategory, RemoveItemFromcart=RemoveItemFromcart, OpenFyndHomePage=OpenFyndHomePage, SelectOtherFiters=SelectOtherFiters, addTwoProductsInCartCheckOutFlow=addTwoProductsInCartCheckOutFlow, SelectCategoryFilter=SelectCategoryFilter, SelectPaymentMethod=SelectPaymentMethod} loaded
 2017-03-07 08:22:56,115  INFO [main] CommonUtility:62 - Info : SetupConfig File is already loaded
 2017-03-07 08:22:56,116  INFO [main] CommonUtility:89 - Log path: //Users//administrator//automation//ConfigFiles//common//log4j.properties
 2017-03-07 08:22:56,117  INFO [main] CommonUtility:92 - Logging initialized.
 2017-03-07 08:22:56,118  INFO [main] CommonUtility:74 - SetUp Data initialized: {ERROR_SCREENSHOT_FILE_EXTN=png, FIREFOX_DRIVER_CLASS=webdriver.gecko.driver, CHROME_DRIVER_CLASS=webdriver.chrome.driver, CONFIG_FILES_LOCATION=//Users//administrator//automation//ConfigFiles//, ERROR_SCREENSHOT_FILE_DATEFORMAT=yyyy-MMM-dd-HHmmss, GOFYND_PROD_USERNAME=8452858570, ERROR_SCREENSHOT_FILE_PATH=//Users//administrator//automation//SCREENSHOTS//, ERROR_SCREENSHOT_FILE_PREFIX=Screenshot, DRIVER=CHROME, GOFYND_PROD_PASSWORD=123456, FIREFOX_DRIVER_LOCATION=//Users//administrator//automation//Drivers_Selenium//geckodriver, CHROME_DRIVER_LOCATION=//Users//administrator//automation//Drivers_Selenium//chromedriver, LOG_FILE=//Users//administrator//automation//ConfigFiles//common//log4j.properties}
 2017-03-07 08:22:56,119  INFO [main] CommonUtility:195 - Success : Source data file  {SelectCategory=Y, RemoveItemFromcart=Y, OpenFyndHomePage=Y, SelectOtherFiters=Y, addTwoProductsInCartCheckOutFlow=Y, SelectCategoryFilter=Y, SelectPaymentMethod=Y} loaded
 2017-03-07 08:22:56,119  INFO [main] CommonUtility:195 - Success : Source data file  {SelectCategory=SelectCategory, RemoveItemFromcart=RemoveItemFromcart, OpenFyndHomePage=OpenFyndHomePage, SelectOtherFiters=SelectOtherFiters, addTwoProductsInCartCheckOutFlow=addTwoProductsInCartCheckOutFlow, SelectCategoryFilter=SelectCategoryFilter, SelectPaymentMethod=SelectPaymentMethod} loaded
 2017-03-07 08:22:56,222  INFO [main] CommonUtility:62 - Info : SetupConfig File is already loaded
 2017-03-07 08:22:56,222  INFO [main] CommonUtility:89 - Log path: //Users//administrator//automation//ConfigFiles//common//log4j.properties
 2017-03-07 08:22:56,223  INFO [main] CommonUtility:92 - Logging initialized.
 2017-03-07 08:22:56,223  INFO [main] CommonUtility:74 - SetUp Data initialized: {ERROR_SCREENSHOT_FILE_EXTN=png, FIREFOX_DRIVER_CLASS=webdriver.gecko.driver, CHROME_DRIVER_CLASS=webdriver.chrome.driver, CONFIG_FILES_LOCATION=//Users//administrator//automation//ConfigFiles//, ERROR_SCREENSHOT_FILE_DATEFORMAT=yyyy-MMM-dd-HHmmss, GOFYND_PROD_USERNAME=8452858570, ERROR_SCREENSHOT_FILE_PATH=//Users//administrator//automation//SCREENSHOTS//, ERROR_SCREENSHOT_FILE_PREFIX=Screenshot, DRIVER=CHROME, GOFYND_PROD_PASSWORD=123456, FIREFOX_DRIVER_LOCATION=//Users//administrator//automation//Drivers_Selenium//geckodriver, CHROME_DRIVER_LOCATION=//Users//administrator//automation//Drivers_Selenium//chromedriver, LOG_FILE=//Users//administrator//automation//ConfigFiles//common//log4j.properties}
 2017-03-07 08:22:56,224  INFO [main] CommonUtility:62 - Info : SetupConfig File is already loaded
 2017-03-07 08:22:56,224  INFO [main] CommonUtility:89 - Log path: //Users//administrator//automation//ConfigFiles//common//log4j.properties
 2017-03-07 08:22:56,225  INFO [main] CommonUtility:92 - Logging initialized.
 2017-03-07 08:22:56,225  INFO [main] CommonUtility:74 - SetUp Data initialized: {ERROR_SCREENSHOT_FILE_EXTN=png, FIREFOX_DRIVER_CLASS=webdriver.gecko.driver, CHROME_DRIVER_CLASS=webdriver.chrome.driver, CONFIG_FILES_LOCATION=//Users//administrator//automation//ConfigFiles//, ERROR_SCREENSHOT_FILE_DATEFORMAT=yyyy-MMM-dd-HHmmss, GOFYND_PROD_USERNAME=8452858570, ERROR_SCREENSHOT_FILE_PATH=//Users//administrator//automation//SCREENSHOTS//, ERROR_SCREENSHOT_FILE_PREFIX=Screenshot, DRIVER=CHROME, GOFYND_PROD_PASSWORD=123456, FIREFOX_DRIVER_LOCATION=//Users//administrator//automation//Drivers_Selenium//geckodriver, CHROME_DRIVER_LOCATION=//Users//administrator//automation//Drivers_Selenium//chromedriver, LOG_FILE=//Users//administrator//automation//ConfigFiles//common//log4j.properties}
 2017-03-07 08:22:56,226  INFO [main] CommonUtility:108 - DRIVER NAME: CHROME
 2017-03-07 08:22:56,226  INFO [main] CommonUtility:115 - DRIVER_CLASS : webdriver.chrome.driver
 2017-03-07 08:22:56,227  INFO [main] CommonUtility:116 - DRIVER_LOC: //Users//administrator//automation//Drivers_Selenium//chromedriver
 2017-03-07 08:22:58,329  INFO [main] CommonUtility:156 - Success : Driver Initialized Successfully
 2017-03-07 08:22:58,330  INFO [main] CommonUtility:195 - Success : Source data file  {xpath_bagitmes=//*[@class='bag-items']/h1, xpath_loginpassword=//*[@class='form-area']/input[2], xpath_removeitem=//*[@class='delete-prod']/span, classname_checkoutLoginElement=checkout-flow, xpath_selectPriceFilterElement=//*[@class='filter-name light-xxs' and contains(text(),'Rs')], xpath_selectProductElement=//*[@class='light-xs cl-LightGrey product-name-text'], xpath_loginsubmitbtn=//*[@class='fy-btn submit login-btn'], xpath_loginusername=//*[@class='form-area']/input[1], xpath_sizeFilterElement=//*[@class='light-sm cl-DavyGrey size'], classname_buyNowElement=checkout-btn-opt, xpath_paymentmethod=//*[@class='ch-list-item'], xpath_priceFilterElement=.//*[@class='filter-group inactive']/li/a/span, xpath_loginwithpassword=//*[@class='regular-sm cl-DarkGrey sign-in-link']} loaded
 2017-03-07 08:23:25,766  INFO [main] CommonUtility:168 - Success : Page 'https://www.gofynd.com/' loaded successfully
 2017-03-07 08:23:28,072  INFO [main] Gofynd_Sanity_Scenarios:53 - Category is Selected: Women
 2017-03-07 08:23:28,480  INFO [main] Gofynd_Sanity_Scenarios:330 - Success : Static Source data 'xpath_priceFilterElement' -->.//*[@class='filter-group inactive']/li/a/span
 2017-03-07 08:23:28,735  INFO [main] Gofynd_Sanity_Scenarios:330 - Success : Static Source data 'xpath_selectPriceFilterElement' -->//*[@class='filter-name light-xxs' and contains(text(),'Rs')]
 2017-03-07 08:23:33,216  INFO [main] Gofynd_Sanity_Scenarios:83 - clicked the Filter: PRICE
 2017-03-07 08:24:05,338  INFO [main] Gofynd_Sanity_Scenarios:330 - Success : Static Source data 'xpath_removeitem' -->//*[@class='delete-prod']/span
 2017-03-07 08:24:08,873  INFO [main] CommonUtility:214 - Info : Browser Driver closed successfully 
 2017-03-07 08:24:20,302  INFO [main] CommonUtility:92 - Logging initialized.
 2017-03-07 08:24:20,305  INFO [main] CommonUtility:74 - SetUp Data initialized: {ERROR_SCREENSHOT_FILE_EXTN=png, FIREFOX_DRIVER_CLASS=webdriver.gecko.driver, CHROME_DRIVER_CLASS=webdriver.chrome.driver, CONFIG_FILES_LOCATION=//Users//administrator//automation//ConfigFiles//, ERROR_SCREENSHOT_FILE_DATEFORMAT=yyyy-MMM-dd-HHmmss, GOFYND_PROD_USERNAME=8452858570, ERROR_SCREENSHOT_FILE_PATH=//Users//administrator//automation//SCREENSHOTS//, ERROR_SCREENSHOT_FILE_PREFIX=Screenshot, DRIVER=CHROME, GOFYND_PROD_PASSWORD=123456, FIREFOX_DRIVER_LOCATION=//Users//administrator//automation//Drivers_Selenium//geckodriver, CHROME_DRIVER_LOCATION=//Users//administrator//automation//Drivers_Selenium//chromedriver, LOG_FILE=//Users//administrator//automation//ConfigFiles//common//log4j.properties}
 2017-03-07 08:24:20,306  INFO [main] CommonUtility:62 - Info : SetupConfig File is already loaded
 2017-03-07 08:24:20,307  INFO [main] CommonUtility:89 - Log path: //Users//administrator//automation//ConfigFiles//common//log4j.properties
 2017-03-07 08:24:20,308  INFO [main] CommonUtility:92 - Logging initialized.
 2017-03-07 08:24:20,309  INFO [main] CommonUtility:74 - SetUp Data initialized: {ERROR_SCREENSHOT_FILE_EXTN=png, FIREFOX_DRIVER_CLASS=webdriver.gecko.driver, CHROME_DRIVER_CLASS=webdriver.chrome.driver, CONFIG_FILES_LOCATION=//Users//administrator//automation//ConfigFiles//, ERROR_SCREENSHOT_FILE_DATEFORMAT=yyyy-MMM-dd-HHmmss, GOFYND_PROD_USERNAME=8452858570, ERROR_SCREENSHOT_FILE_PATH=//Users//administrator//automation//SCREENSHOTS//, ERROR_SCREENSHOT_FILE_PREFIX=Screenshot, DRIVER=CHROME, GOFYND_PROD_PASSWORD=123456, FIREFOX_DRIVER_LOCATION=//Users//administrator//automation//Drivers_Selenium//geckodriver, CHROME_DRIVER_LOCATION=//Users//administrator//automation//Drivers_Selenium//chromedriver, LOG_FILE=//Users//administrator//automation//ConfigFiles//common//log4j.properties}
 2017-03-07 08:24:20,309  INFO [main] CommonUtility:108 - DRIVER NAME: CHROME
 2017-03-07 08:24:20,309  INFO [main] CommonUtility:115 - DRIVER_CLASS : webdriver.chrome.driver
 2017-03-07 08:24:20,310  INFO [main] CommonUtility:116 - DRIVER_LOC: //Users//administrator//automation//Drivers_Selenium//chromedriver
 2017-03-07 08:24:22,375  INFO [main] CommonUtility:156 - Success : Driver Initialized Successfully
 2017-03-07 08:24:22,376  INFO [main] CommonUtility:195 - Success : Source data file  {xpath_bagitmes=//*[@class='bag-items']/h1, xpath_loginpassword=//*[@class='form-area']/input[2], xpath_removeitem=//*[@class='delete-prod']/span, classname_checkoutLoginElement=checkout-flow, xpath_selectPriceFilterElement=//*[@class='filter-name light-xxs' and contains(text(),'Rs')], xpath_selectProductElement=//*[@class='light-xs cl-LightGrey product-name-text'], xpath_loginsubmitbtn=//*[@class='fy-btn submit login-btn'], xpath_loginusername=//*[@class='form-area']/input[1], xpath_sizeFilterElement=//*[@class='light-sm cl-DavyGrey size'], classname_buyNowElement=checkout-btn-opt, xpath_paymentmethod=//*[@class='ch-list-item'], xpath_priceFilterElement=.//*[@class='filter-group inactive']/li/a/span, xpath_loginwithpassword=//*[@class='regular-sm cl-DarkGrey sign-in-link']} loaded
 2017-03-07 08:24:54,334  INFO [main] CommonUtility:168 - Success : Page 'https://www.gofynd.com/' loaded successfully
 2017-03-07 08:24:56,571  INFO [main] Gofynd_Sanity_Scenarios:53 - Category is Selected: Women
 2017-03-07 08:24:57,143  INFO [main] Gofynd_Sanity_Scenarios:330 - Success : Static Source data 'xpath_priceFilterElement' -->.//*[@class='filter-group inactive']/li/a/span
 2017-03-07 08:24:59,436  INFO [main] Gofynd_Sanity_Scenarios:330 - Success : Static Source data 'xpath_selectProductElement' -->//*[@class='light-xs cl-LightGrey product-name-text']
 2017-03-07 08:25:02,904  INFO [main] Gofynd_Sanity_Scenarios:330 - Success : Static Source data 'xpath_sizeFilterElement' -->//*[@class='light-sm cl-DavyGrey size']
 2017-03-07 08:25:31,178  INFO [main] CommonUtility:92 - Logging initialized.
 2017-03-07 08:25:31,180  INFO [main] CommonUtility:74 - SetUp Data initialized: {ERROR_SCREENSHOT_FILE_EXTN=png, FIREFOX_DRIVER_CLASS=webdriver.gecko.driver, CHROME_DRIVER_CLASS=webdriver.chrome.driver, CONFIG_FILES_LOCATION=//Users//administrator//automation//ConfigFiles//, ERROR_SCREENSHOT_FILE_DATEFORMAT=yyyy-MMM-dd-HHmmss, GOFYND_PROD_USERNAME=8452858570, ERROR_SCREENSHOT_FILE_PATH=//Users//administrator//automation//SCREENSHOTS//, ERROR_SCREENSHOT_FILE_PREFIX=Screenshot, DRIVER=CHROME, GOFYND_PROD_PASSWORD=123456, FIREFOX_DRIVER_LOCATION=//Users//administrator//automation//Drivers_Selenium//geckodriver, CHROME_DRIVER_LOCATION=//Users//administrator//automation//Drivers_Selenium//chromedriver, LOG_FILE=//Users//administrator//automation//ConfigFiles//common//log4j.properties}
 2017-03-07 08:25:31,181  INFO [main] CommonUtility:62 - Info : SetupConfig File is already loaded
 2017-03-07 08:25:31,181  INFO [main] CommonUtility:89 - Log path: //Users//administrator//automation//ConfigFiles//common//log4j.properties
 2017-03-07 08:25:31,182  INFO [main] CommonUtility:92 - Logging initialized.
 2017-03-07 08:25:31,183  INFO [main] CommonUtility:74 - SetUp Data initialized: {ERROR_SCREENSHOT_FILE_EXTN=png, FIREFOX_DRIVER_CLASS=webdriver.gecko.driver, CHROME_DRIVER_CLASS=webdriver.chrome.driver, CONFIG_FILES_LOCATION=//Users//administrator//automation//ConfigFiles//, ERROR_SCREENSHOT_FILE_DATEFORMAT=yyyy-MMM-dd-HHmmss, GOFYND_PROD_USERNAME=8452858570, ERROR_SCREENSHOT_FILE_PATH=//Users//administrator//automation//SCREENSHOTS//, ERROR_SCREENSHOT_FILE_PREFIX=Screenshot, DRIVER=CHROME, GOFYND_PROD_PASSWORD=123456, FIREFOX_DRIVER_LOCATION=//Users//administrator//automation//Drivers_Selenium//geckodriver, CHROME_DRIVER_LOCATION=//Users//administrator//automation//Drivers_Selenium//chromedriver, LOG_FILE=//Users//administrator//automation//ConfigFiles//common//log4j.properties}
 2017-03-07 08:25:31,183  INFO [main] CommonUtility:108 - DRIVER NAME: CHROME
 2017-03-07 08:25:31,183  INFO [main] CommonUtility:115 - DRIVER_CLASS : webdriver.chrome.driver
 2017-03-07 08:25:31,184  INFO [main] CommonUtility:116 - DRIVER_LOC: //Users//administrator//automation//Drivers_Selenium//chromedriver
 2017-03-07 08:25:33,507  INFO [main] CommonUtility:156 - Success : Driver Initialized Successfully
 2017-03-07 08:25:33,507  INFO [main] CommonUtility:195 - Success : Source data file  {xpath_bagitmes=//*[@class='bag-items']/h1, xpath_loginpassword=//*[@class='form-area']/input[2], xpath_removeitem=//*[@class='delete-prod']/span, classname_checkoutLoginElement=checkout-flow, xpath_selectPriceFilterElement=//*[@class='filter-name light-xxs' and contains(text(),'Rs')], xpath_selectProductElement=//*[@class='light-xs cl-LightGrey product-name-text'], xpath_loginsubmitbtn=//*[@class='fy-btn submit login-btn'], xpath_loginusername=//*[@class='form-area']/input[1], xpath_sizeFilterElement=//*[@class='light-sm cl-DavyGrey size'], classname_buyNowElement=checkout-btn-opt, xpath_paymentmethod=//*[@class='ch-list-item'], xpath_priceFilterElement=.//*[@class='filter-group inactive']/li/a/span, xpath_loginwithpassword=//*[@class='regular-sm cl-DarkGrey sign-in-link']} loaded
 2017-03-07 08:26:03,269  INFO [main] CommonUtility:168 - Success : Page 'https://www.gofynd.com/' loaded successfully
 2017-03-07 08:26:05,532  INFO [main] Gofynd_Sanity_Scenarios:53 - Category is Selected: Women
 2017-03-07 08:26:07,751  INFO [main] Gofynd_Sanity_Scenarios:330 - Success : Static Source data 'xpath_priceFilterElement' -->.//*[@class='filter-group inactive']/li/a/span
 2017-03-07 08:26:10,060  INFO [main] Gofynd_Sanity_Scenarios:330 - Success : Static Source data 'xpath_selectProductElement' -->//*[@class='light-xs cl-LightGrey product-name-text']
 2017-03-07 08:26:13,329  INFO [main] Gofynd_Sanity_Scenarios:330 - Success : Static Source data 'xpath_sizeFilterElement' -->//*[@class='light-sm cl-DavyGrey size']
 2017-03-07 08:27:19,151  INFO [main] Gofynd_Sanity_Scenarios:330 - Success : Static Source data 'xpath_removeitem' -->//*[@class='delete-prod']/span
 2017-03-07 08:27:19,272  INFO [main] CommonUtility:214 - Info : Browser Driver closed successfully 
 2017-03-07 08:27:45,853  INFO [main] CommonUtility:92 - Logging initialized.
 2017-03-07 08:27:45,855  INFO [main] CommonUtility:74 - SetUp Data initialized: {ERROR_SCREENSHOT_FILE_EXTN=png, FIREFOX_DRIVER_CLASS=webdriver.gecko.driver, CHROME_DRIVER_CLASS=webdriver.chrome.driver, CONFIG_FILES_LOCATION=//Users//administrator//automation//ConfigFiles//, ERROR_SCREENSHOT_FILE_DATEFORMAT=yyyy-MMM-dd-HHmmss, GOFYND_PROD_USERNAME=8452858570, ERROR_SCREENSHOT_FILE_PATH=//Users//administrator//automation//SCREENSHOTS//, ERROR_SCREENSHOT_FILE_PREFIX=Screenshot, DRIVER=CHROME, GOFYND_PROD_PASSWORD=123456, FIREFOX_DRIVER_LOCATION=//Users//administrator//automation//Drivers_Selenium//geckodriver, CHROME_DRIVER_LOCATION=//Users//administrator//automation//Drivers_Selenium//chromedriver, LOG_FILE=//Users//administrator//automation//ConfigFiles//common//log4j.properties}
 2017-03-07 08:27:45,856  INFO [main] CommonUtility:62 - Info : SetupConfig File is already loaded
 2017-03-07 08:27:45,856  INFO [main] CommonUtility:89 - Log path: //Users//administrator//automation//ConfigFiles//common//log4j.properties
 2017-03-07 08:27:45,857  INFO [main] CommonUtility:92 - Logging initialized.
 2017-03-07 08:27:45,858  INFO [main] CommonUtility:74 - SetUp Data initialized: {ERROR_SCREENSHOT_FILE_EXTN=png, FIREFOX_DRIVER_CLASS=webdriver.gecko.driver, CHROME_DRIVER_CLASS=webdriver.chrome.driver, CONFIG_FILES_LOCATION=//Users//administrator//automation//ConfigFiles//, ERROR_SCREENSHOT_FILE_DATEFORMAT=yyyy-MMM-dd-HHmmss, GOFYND_PROD_USERNAME=8452858570, ERROR_SCREENSHOT_FILE_PATH=//Users//administrator//automation//SCREENSHOTS//, ERROR_SCREENSHOT_FILE_PREFIX=Screenshot, DRIVER=CHROME, GOFYND_PROD_PASSWORD=123456, FIREFOX_DRIVER_LOCATION=//Users//administrator//automation//Drivers_Selenium//geckodriver, CHROME_DRIVER_LOCATION=//Users//administrator//automation//Drivers_Selenium//chromedriver, LOG_FILE=//Users//administrator//automation//ConfigFiles//common//log4j.properties}
 2017-03-07 08:27:45,858  INFO [main] CommonUtility:108 - DRIVER NAME: CHROME
 2017-03-07 08:27:45,858  INFO [main] CommonUtility:115 - DRIVER_CLASS : webdriver.chrome.driver
 2017-03-07 08:27:45,859  INFO [main] CommonUtility:116 - DRIVER_LOC: //Users//administrator//automation//Drivers_Selenium//chromedriver
 2017-03-07 08:27:47,920  INFO [main] CommonUtility:156 - Success : Driver Initialized Successfully
 2017-03-07 08:27:47,921  INFO [main] CommonUtility:195 - Success : Source data file  {xpath_bagitmes=//*[@class='bag-items']/h1, xpath_loginpassword=//*[@class='form-area']/input[2], xpath_removeitem=//*[@class='delete-prod']/span, classname_checkoutLoginElement=checkout-flow, xpath_selectPriceFilterElement=//*[@class='filter-name light-xxs' and contains(text(),'Rs')], xpath_selectProductElement=//*[@class='light-xs cl-LightGrey product-name-text'], xpath_loginsubmitbtn=//*[@class='fy-btn submit login-btn'], xpath_loginusername=//*[@class='form-area']/input[1], xpath_sizeFilterElement=//*[@class='light-sm cl-DavyGrey size'], classname_buyNowElement=checkout-btn-opt, xpath_paymentmethod=//*[@class='ch-list-item'], xpath_priceFilterElement=.//*[@class='filter-group inactive']/li/a/span, xpath_loginwithpassword=//*[@class='regular-sm cl-DarkGrey sign-in-link']} loaded
 2017-03-07 08:27:54,894  INFO [main] CommonUtility:168 - Success : Page 'https://www.gofynd.com/' loaded successfully
 2017-03-07 08:27:57,249  INFO [main] Gofynd_Sanity_Scenarios:53 - Category is Selected: Women
 2017-03-07 08:27:57,824  INFO [main] Gofynd_Sanity_Scenarios:330 - Success : Static Source data 'xpath_priceFilterElement' -->.//*[@class='filter-group inactive']/li/a/span
 2017-03-07 08:27:58,123  INFO [main] Gofynd_Sanity_Scenarios:330 - Success : Static Source data 'xpath_selectPriceFilterElement' -->//*[@class='filter-name light-xxs' and contains(text(),'Rs')]
 2017-03-07 08:28:03,101  INFO [main] Gofynd_Sanity_Scenarios:83 - clicked the Filter: PRICE
 2017-03-07 08:28:05,112  INFO [main] Gofynd_Sanity_Scenarios:330 - Success : Static Source data 'xpath_selectProductElement' -->//*[@class='light-xs cl-LightGrey product-name-text']
 2017-03-07 08:28:05,314  INFO [main] Gofynd_Sanity_Scenarios:330 - Success : Static Source data 'xpath_sizeFilterElement' -->//*[@class='light-sm cl-DavyGrey size']
 2017-03-07 08:28:06,201  INFO [main] Gofynd_Sanity_Scenarios:330 - Success : Static Source data 'classname_buyNowElement' -->checkout-btn-opt
 2017-03-07 08:28:12,554  INFO [main] Gofynd_Sanity_Scenarios:330 - Success : Static Source data 'xpath_selectProductElement' -->//*[@class='light-xs cl-LightGrey product-name-text']
 2017-03-07 08:28:14,933  INFO [main] Gofynd_Sanity_Scenarios:330 - Success : Static Source data 'xpath_sizeFilterElement' -->//*[@class='light-sm cl-DavyGrey size']
 2017-03-07 08:28:15,403  INFO [main] Gofynd_Sanity_Scenarios:330 - Success : Static Source data 'classname_buyNowElement' -->checkout-btn-opt
 2017-03-07 08:28:18,568  INFO [main] Gofynd_Sanity_Scenarios:330 - Success : Static Source data 'classname_buyNowElement' -->checkout-btn-opt
 2017-03-07 08:28:21,631  INFO [main] Gofynd_Sanity_Scenarios:330 - Success : Static Source data 'classname_checkoutLoginElement' -->checkout-flow
 2017-03-07 08:28:21,770  INFO [main] Gofynd_Sanity_Scenarios:330 - Success : Static Source data 'xpath_loginwithpassword' -->//*[@class='regular-sm cl-DarkGrey sign-in-link']
 2017-03-07 08:28:23,895  INFO [main] Gofynd_Sanity_Scenarios:330 - Success : Static Source data 'xpath_loginusername' -->//*[@class='form-area']/input[1]
 2017-03-07 08:28:25,995  INFO [main] Gofynd_Sanity_Scenarios:330 - Success : Static Source data 'xpath_loginpassword' -->//*[@class='form-area']/input[2]
 2017-03-07 08:28:26,067  INFO [main] Gofynd_Sanity_Scenarios:330 - Success : Static Source data 'xpath_loginsubmitbtn' -->//*[@class='fy-btn submit login-btn']
 2017-03-07 08:28:28,160  INFO [main] Gofynd_Sanity_Scenarios:330 - Success : Static Source data 'xpath_bagitmes' -->//*[@class='bag-items']/h1
 2017-03-07 08:28:31,766  INFO [main] Gofynd_Sanity_Scenarios:286 - Product no1
 2017-03-07 08:28:31,784  INFO [main] Gofynd_Sanity_Scenarios:286 - Product no2
 2017-03-07 08:28:31,805  INFO [main] Gofynd_Sanity_Scenarios:286 - Product no3Orange Wallet
 2017-03-07 08:28:31,826  INFO [main] Gofynd_Sanity_Scenarios:286 - Product no4Lavender Wallet
 2017-03-07 08:28:34,096  INFO [main] Gofynd_Sanity_Scenarios:330 - Success : Static Source data 'xpath_paymentmethod' -->//*[@class='ch-list-item']
 2017-03-07 08:28:34,295  INFO [main] Gofynd_Sanity_Scenarios:270 - selected the payment:Paytm
 2017-03-07 08:28:34,300  INFO [main] Gofynd_Sanity_Scenarios:330 - Success : Static Source data 'xpath_removeitem' -->//*[@class='delete-prod']/span
 2017-03-07 08:28:34,345  INFO [main] Gofynd_Sanity_Scenarios:304 - Removed the item from the cart
 2017-03-07 08:28:36,376  INFO [main] Gofynd_Sanity_Scenarios:304 - Removed the item from the cart
 2017-03-07 08:28:38,406  INFO [main] Gofynd_Sanity_Scenarios:304 - Removed the item from the cart
 2017-03-07 08:28:40,423  INFO [main] Gofynd_Sanity_Scenarios:330 - Success : Static Source data 'xpath_removeitem' -->//*[@class='delete-prod']/span
 2017-03-07 08:28:40,459  INFO [main] Gofynd_Sanity_Scenarios:304 - Removed the item from the cart
 2017-03-07 08:28:42,479  INFO [main] Gofynd_Sanity_Scenarios:304 - Removed the item from the cart
 2017-03-07 08:28:44,577  INFO [main] CommonUtility:214 - Info : Browser Driver closed successfully 
 